<?xml version="1.0" encoding="UTF-8"?>
<testng-results skipped="0" failed="0" total="1" passed="1">
  <reporter-output>
  </reporter-output>
  <suite name="Default suite" duration-ms="12276" started-at="2019-06-30T18:41:35Z" finished-at="2019-06-30T18:41:48Z">
    <groups>
    </groups>
    <test name="Default test" duration-ms="12276" started-at="2019-06-30T18:41:35Z" finished-at="2019-06-30T18:41:48Z">
      <class name="com.selva.selenium.test_framework.ui_test_practice.TestNgSample">
        <test-method status="PASS" signature="setup()[pri:0, instance:com.selva.selenium.test_framework.ui_test_practice.TestNgSample@cc285f4]" name="setup" is-config="true" duration-ms="4415" started-at="2019-06-30T14:41:35Z" finished-at="2019-06-30T14:41:40Z">
          <reporter-output>
          </reporter-output>
        </test-method> <!-- setup -->
        <test-method status="PASS" signature="clickModal()[pri:0, instance:com.selva.selenium.test_framework.ui_test_practice.TestNgSample@cc285f4]" name="clickModal" duration-ms="5826" started-at="2019-06-30T14:41:40Z" finished-at="2019-06-30T14:41:46Z">
          <reporter-output>
          </reporter-output>
        </test-method> <!-- clickModal -->
        <test-method status="PASS" signature="closeBrowser()[pri:0, instance:com.selva.selenium.test_framework.ui_test_practice.TestNgSample@cc285f4]" name="closeBrowser" is-config="true" duration-ms="2004" started-at="2019-06-30T14:41:46Z" finished-at="2019-06-30T14:41:48Z">
          <reporter-output>
          </reporter-output>
        </test-method> <!-- closeBrowser -->
      </class> <!-- com.selva.selenium.test_framework.ui_test_practice.TestNgSample -->
    </test> <!-- Default test -->
  </suite> <!-- Default suite -->
</testng-results>
